<?xml version="1.0" encoding="UTF-8"?>
<testsuite xmlns:xsi="http://www.w3.org/2001/XMLSchema-instance" xsi:noNamespaceSchemaLocation="https://maven.apache.org/surefire/maven-surefire-plugin/xsd/surefire-test-report-3.0.xsd" version="3.0" name="com.franchises.franchises_crud.FranchisesCrudApplicationTests" time="3.679" tests="1" errors="0" skipped="0" failures="0">
  <properties>
[...]
</properties>
  <testcase name="contextLoads" classname="com.franchises.franchises_crud.FranchisesCrudApplicationTests" time="0.323">
    <system-out><![CDATA[08:57:06.106 [main] INFO org.springframework.test.context.support.AnnotationConfigContextLoaderUtils -- Could not detect default configuration classes for test class [com.franchises.franchises_crud.FranchisesCrudApplicationTests]: FranchisesCrudApplicationTests does not declare any static, non-private, non-final, nested classes annotated with @Configuration.
08:57:06.182 [main] INFO org.springframework.boot.test.context.SpringBootTestContextBootstrapper -- Found @SpringBootConfiguration com.franchises.franchises_crud.FranchisesCrudApplication for test class com.franchises.franchises_crud.FranchisesCrudApplicationTests

  .   ____          _            __ _ _
 /\\ / ___'_ __ _ _(_)_ __  __ _ \ \ \ \
( ( )\___ | '_ | '_| | '_ \/ _` | \ \ \ \
 \\/  ___)| |_)| | | | | || (_| |  ) ) ) )
  '  |____| .__|_| |_|_| |_\__, | / / / /
 =========|_|==============|___/=/_/_/_/

 :: Spring Boot ::                (v3.3.4)

2024-10-19T08:57:06.497-05:00  INFO 19200 --- [franchises-crud] [           main] c.f.f.FranchisesCrudApplicationTests     : Starting FranchisesCrudApplicationTests using Java 17.0.10 with PID 19200 (started by santi in D:\Proyectos\franchises-crud)
2024-10-19T08:57:06.498-05:00  INFO 19200 --- [franchises-crud] [           main] c.f.f.FranchisesCrudApplicationTests     : No active profile set, falling back to 1 default profile: "default"
2024-10-19T08:57:06.997-05:00  INFO 19200 --- [franchises-crud] [           main] .s.d.r.c.RepositoryConfigurationDelegate : Bootstrapping Spring Data JPA repositories in DEFAULT mode.
2024-10-19T08:57:07.045-05:00  INFO 19200 --- [franchises-crud] [           main] .s.d.r.c.RepositoryConfigurationDelegate : Finished Spring Data repository scanning in 41 ms. Found 3 JPA repository interfaces.
2024-10-19T08:57:07.465-05:00  INFO 19200 --- [franchises-crud] [           main] com.zaxxer.hikari.HikariDataSource       : HikariPool-1 - Starting...
2024-10-19T08:57:07.586-05:00  INFO 19200 --- [franchises-crud] [           main] com.zaxxer.hikari.pool.HikariPool        : HikariPool-1 - Added connection com.mysql.cj.jdbc.ConnectionImpl@601eb4af
2024-10-19T08:57:07.589-05:00  INFO 19200 --- [franchises-crud] [           main] com.zaxxer.hikari.HikariDataSource       : HikariPool-1 - Start completed.
2024-10-19T08:57:07.639-05:00  INFO 19200 --- [franchises-crud] [           main] org.flywaydb.core.FlywayExecutor         : Database: jdbc:mysql://localhost:3306/test (MySQL 5.5)
2024-10-19T08:57:07.681-05:00  INFO 19200 --- [franchises-crud] [           main] o.f.core.internal.command.DbValidate     : Successfully validated 1 migration (execution time 00:00.025s)
2024-10-19T08:57:07.690-05:00  INFO 19200 --- [franchises-crud] [           main] o.f.core.internal.command.DbMigrate      : Current version of schema `test`: 1
2024-10-19T08:57:07.692-05:00  INFO 19200 --- [franchises-crud] [           main] o.f.core.internal.command.DbMigrate      : Schema `test` is up to date. No migration necessary.
2024-10-19T08:57:07.768-05:00  INFO 19200 --- [franchises-crud] [           main] o.hibernate.jpa.internal.util.LogHelper  : HHH000204: Processing PersistenceUnitInfo [name: default]
2024-10-19T08:57:07.817-05:00  INFO 19200 --- [franchises-crud] [           main] org.hibernate.Version                    : HHH000412: Hibernate ORM core version 6.5.3.Final
2024-10-19T08:57:07.846-05:00  INFO 19200 --- [franchises-crud] [           main] o.h.c.internal.RegionFactoryInitiator    : HHH000026: Second-level cache disabled
2024-10-19T08:57:08.104-05:00  INFO 19200 --- [franchises-crud] [           main] o.s.o.j.p.SpringPersistenceUnitInfo      : No LoadTimeWeaver setup: ignoring JPA class transformer
2024-10-19T08:57:08.150-05:00  WARN 19200 --- [franchises-crud] [           main] org.hibernate.dialect.Dialect            : HHH000511: The 5.5.5 version for [org.hibernate.dialect.MySQLDialect] is no longer supported, hence certain features may not work properly. The minimum supported version is 8.0.0. Check the community dialects project for available legacy versions.
2024-10-19T08:57:08.785-05:00  INFO 19200 --- [franchises-crud] [           main] o.h.e.t.j.p.i.JtaPlatformInitiator       : HHH000489: No JTA platform available (set 'hibernate.transaction.jta.platform' to enable JTA platform integration)
2024-10-19T08:57:08.787-05:00  INFO 19200 --- [franchises-crud] [           main] j.LocalContainerEntityManagerFactoryBean : Initialized JPA EntityManagerFactory for persistence unit 'default'
2024-10-19T08:57:09.047-05:00  WARN 19200 --- [franchises-crud] [           main] JpaBaseConfiguration$JpaWebConfiguration : spring.jpa.open-in-view is enabled by default. Therefore, database queries may be performed during view rendering. Explicitly configure spring.jpa.open-in-view to disable this warning
2024-10-19T08:57:09.325-05:00  INFO 19200 --- [franchises-crud] [           main] c.f.f.FranchisesCrudApplicationTests     : Started FranchisesCrudApplicationTests in 3.025 seconds (process running for 3.764)
]]></system-out>
  </testcase>
</testsuite>